<?xml version="1.0" encoding="UTF-8"?>
<!-- Generated by org.testng.reporters.JUnitReportReporter -->
<testsuite hostname="BINTERNS-QA50L" failures="0" tests="5" name="Maven.Saucedemo.Saucedemotest" time="6.130" errors="0" timestamp="2023-05-04T15:41:31 IST" skipped="0">
  <testcase classname="Maven.Saucedemo.Saucedemotest" name="successfullogin1" time="0.243"/>
  <system-out/>
  <testcase classname="Maven.Saucedemo.Saucedemotest" name="successfullogin3" time="5.198"/>
  <system-out/>
  <testcase classname="Maven.Saucedemo.Saucedemotest" name="successfullogin2" time="0.192"/>
  <system-out/>
  <testcase classname="Maven.Saucedemo.Saucedemotest" name="unsuccessfullogin1" time="0.270"/>
  <system-out/>
  <testcase classname="Maven.Saucedemo.Saucedemotest" name="unsuccessfullogin2" time="0.227"/>
  <system-out/>
</testsuite> <!-- Maven.Saucedemo.Saucedemotest -->
