<?xml version="1.0" encoding="UTF-8"?>
<!-- Generated by org.testng.reporters.JUnitReportReporter -->
<testsuite hostname="BINTERNS-QA50L" failures="0" tests="25" name="Demoblaze.Demoblazetest" time="60.990" errors="0" timestamp="2023-05-04T12:39:07 IST" skipped="0">
  <testcase classname="Demoblaze.Demoblazetest" name="accesibility" time="0.037"/>
  <system-out/>
  <testcase classname="Demoblaze.Demoblazetest" name="logovisibility" time="0.036"/>
  <system-out/>
  <testcase classname="Demoblaze.Demoblazetest" name="homeiconvisibility" time="0.028"/>
  <system-out/>
  <testcase classname="Demoblaze.Demoblazetest" name="contacticonvisibility" time="0.027"/>
  <system-out/>
  <testcase classname="Demoblaze.Demoblazetest" name="aboutusiconvisibility" time="0.021"/>
  <system-out/>
  <testcase classname="Demoblaze.Demoblazetest" name="cartticonvisibility" time="0.022"/>
  <system-out/>
  <testcase classname="Demoblaze.Demoblazetest" name="loginiconvisibility" time="0.021"/>
  <system-out/>
  <testcase classname="Demoblaze.Demoblazetest" name="signupiconvisibility" time="0.021"/>
  <system-out/>
  <testcase classname="Demoblaze.Demoblazetest" name="logoaccessibility" time="0.014"/>
  <system-out/>
  <testcase classname="Demoblaze.Demoblazetest" name="homeiconaccessibility" time="0.014"/>
  <system-out/>
  <testcase classname="Demoblaze.Demoblazetest" name="contacticonaccessibility" time="0.015"/>
  <system-out/>
  <testcase classname="Demoblaze.Demoblazetest" name="aboutusiconaccessibility" time="0.013"/>
  <system-out/>
  <testcase classname="Demoblaze.Demoblazetest" name="cartticonaccessibility" time="0.014"/>
  <system-out/>
  <testcase classname="Demoblaze.Demoblazetest" name="loginiconaccessibility" time="0.011"/>
  <system-out/>
  <testcase classname="Demoblaze.Demoblazetest" name="signupiconaccessibility" time="0.013"/>
  <system-out/>
  <testcase classname="Demoblaze.Demoblazetest" name="signupfunctionality" time="3.354"/>
  <system-out/>
  <testcase classname="Demoblaze.Demoblazetest" name="signupfunctionality2" time="3.050"/>
  <system-out/>
  <testcase classname="Demoblaze.Demoblazetest" name="loginfunctionality" time="6.829"/>
  <system-out/>
  <testcase classname="Demoblaze.Demoblazetest" name="loginfunctionality2" time="4.785"/>
  <system-out/>
  <testcase classname="Demoblaze.Demoblazetest" name="loginfunctionality3" time="5.118"/>
  <system-out/>
  <testcase classname="Demoblaze.Demoblazetest" name="loginfunctionality4" time="4.757"/>
  <system-out/>
  <testcase classname="Demoblaze.Demoblazetest" name="loginfunctionality5" time="4.691"/>
  <system-out/>
  <testcase classname="Demoblaze.Demoblazetest" name="loginfunctionality6" time="4.964"/>
  <system-out/>
  <testcase classname="Demoblaze.Demoblazetest" name="loginfunctionality7" time="4.698"/>
  <system-out/>
  <testcase classname="Demoblaze.Demoblazetest" name="cartfunctionality" time="18.437"/>
  <system-out/>
</testsuite> <!-- Demoblaze.Demoblazetest -->
