<?xml version="1.0" encoding="UTF-8"?>
<!-- Generated by org.testng.reporters.JUnitReportReporter -->
<testsuite hostname="BINTERNS-QA50L" failures="0" tests="17" name="Demoblaze.Demoblazetest2" time="46.800" errors="0" timestamp="2023-05-04T12:40:04 IST" skipped="0">
  <testcase classname="Demoblaze.Demoblazetest2" name="cartfunctionality2" time="0.336"/>
  <system-out/>
  <testcase classname="Demoblaze.Demoblazetest2" name="cartfunctionality3" time="0.020"/>
  <system-out/>
  <testcase classname="Demoblaze.Demoblazetest2" name="cartfunctionality4" time="1.535"/>
  <system-out/>
  <testcase classname="Demoblaze.Demoblazetest2" name="cartfunctionality5" time="0.015"/>
  <system-out/>
  <testcase classname="Demoblaze.Demoblazetest2" name="cartfunctionality6" time="0.022"/>
  <system-out/>
  <testcase classname="Demoblaze.Demoblazetest2" name="cartfunctionality7" time="0.016"/>
  <system-out/>
  <testcase classname="Demoblaze.Demoblazetest2" name="cartfunctionality8" time="0.021"/>
  <system-out/>
  <testcase classname="Demoblaze.Demoblazetest2" name="cartfunctionality9" time="0.018"/>
  <system-out/>
  <testcase classname="Demoblaze.Demoblazetest2" name="cartfunctionality10" time="19.928"/>
  <system-out/>
  <testcase classname="Demoblaze.Demoblazetest2" name="orderfunctionality1" time="1.071"/>
  <system-out/>
  <testcase classname="Demoblaze.Demoblazetest2" name="orderfunctionality2" time="0.014"/>
  <system-out/>
  <testcase classname="Demoblaze.Demoblazetest2" name="orderfunctionality3" time="0.013"/>
  <system-out/>
  <testcase classname="Demoblaze.Demoblazetest2" name="orderfunctionality4" time="0.015"/>
  <system-out/>
  <testcase classname="Demoblaze.Demoblazetest2" name="orderfunctionality5" time="0.015"/>
  <system-out/>
  <testcase classname="Demoblaze.Demoblazetest2" name="orderfunctionality6" time="0.013"/>
  <system-out/>
  <testcase classname="Demoblaze.Demoblazetest2" name="orderfunctionality7" time="1.033"/>
  <system-out/>
  <testcase classname="Demoblaze.Demoblazetest2" name="orderfunctionality8" time="22.715"/>
  <system-out/>
</testsuite> <!-- Demoblaze.Demoblazetest2 -->
