<?xml version="1.0" encoding="UTF-8"?>
<!-- Generated by org.testng.reporters.JUnitReportReporter -->
<testsuite hostname="BINTERNS-QA50L" failures="0" tests="8" name="Demoblaze.Demoblazetest3" time="13.276" errors="0" timestamp="2023-05-04T12:40:31 IST" skipped="0">
  <testcase classname="Demoblaze.Demoblazetest3" name="contactfunctionality" time="1.337"/>
  <system-out/>
  <testcase classname="Demoblaze.Demoblazetest3" name="contactfunctionality2" time="1.544"/>
  <system-out/>
  <testcase classname="Demoblaze.Demoblazetest3" name="contactfunctionality3" time="1.546"/>
  <system-out/>
  <testcase classname="Demoblaze.Demoblazetest3" name="contactfunctionality4" time="2.581"/>
  <system-out/>
  <testcase classname="Demoblaze.Demoblazetest3" name="contactfunctionality5" time="1.550"/>
  <system-out/>
  <testcase classname="Demoblaze.Demoblazetest3" name="contactfunctionality6" time="1.584"/>
  <system-out/>
  <testcase classname="Demoblaze.Demoblazetest3" name="contactfunctionality7" time="1.568"/>
  <system-out/>
  <testcase classname="Demoblaze.Demoblazetest3" name="contactfunctionality8" time="1.566"/>
  <system-out/>
</testsuite> <!-- Demoblaze.Demoblazetest3 -->
