<?xml version="1.0" encoding="UTF-8"?>
<!-- Generated by org.testng.reporters.JUnitReportReporter -->
<testsuite hostname="BINTERNS-QA50L" failures="0" tests="24" name="Zomato.ZomatoTest1" time="15.802" errors="0" timestamp="2023-05-08T15:49:52 IST" skipped="0">
  <testcase classname="Zomato.ZomatoTest1" name="searchlocationfunctionality1" time="4.211"/>
  <system-out/>
  <testcase classname="Zomato.ZomatoTest1" name="searchlocationfunctionality2" time="11.104"/>
  <system-out/>
  <testcase classname="Zomato.ZomatoTest1" name="loginiconvisibility" time="0.035"/>
  <system-out/>
  <testcase classname="Zomato.ZomatoTest1" name="loginiconclickability" time="0.015"/>
  <system-out/>
  <testcase classname="Zomato.ZomatoTest1" name="signupiconvisibility" time="0.024"/>
  <system-out/>
  <testcase classname="Zomato.ZomatoTest1" name="signupiconclickability" time="0.016"/>
  <system-out/>
  <testcase classname="Zomato.ZomatoTest1" name="logovisibility" time="0.027"/>
  <system-out/>
  <testcase classname="Zomato.ZomatoTest1" name="logoclickability" time="0.020"/>
  <system-out/>
  <testcase classname="Zomato.ZomatoTest1" name="deliveryiconvisibility" time="0.029"/>
  <system-out/>
  <testcase classname="Zomato.ZomatoTest1" name="deliveryiconclickability" time="0.019"/>
  <system-out/>
  <testcase classname="Zomato.ZomatoTest1" name="diningouticonvisibility" time="0.027"/>
  <system-out/>
  <testcase classname="Zomato.ZomatoTest1" name="diningouticonclickability" time="0.021"/>
  <system-out/>
  <testcase classname="Zomato.ZomatoTest1" name="nightlifeiconvisibility" time="0.028"/>
  <system-out/>
  <testcase classname="Zomato.ZomatoTest1" name="nightlifeiconclickability" time="0.019"/>
  <system-out/>
  <testcase classname="Zomato.ZomatoTest1" name="filtericonvisibility" time="0.027"/>
  <system-out/>
  <testcase classname="Zomato.ZomatoTest1" name="filtericonclickability" time="0.019"/>
  <system-out/>
  <testcase classname="Zomato.ZomatoTest1" name="ratingiconvisibility" time="0.022"/>
  <system-out/>
  <testcase classname="Zomato.ZomatoTest1" name="ratingiconclickability" time="0.017"/>
  <system-out/>
  <testcase classname="Zomato.ZomatoTest1" name="purevegiconvisibility" time="0.023"/>
  <system-out/>
  <testcase classname="Zomato.ZomatoTest1" name="purevegiconclickability" time="0.017"/>
  <system-out/>
  <testcase classname="Zomato.ZomatoTest1" name="cuisineiconvisibility" time="0.027"/>
  <system-out/>
  <testcase classname="Zomato.ZomatoTest1" name="cuisineiconclickability" time="0.018"/>
  <system-out/>
  <testcase classname="Zomato.ZomatoTest1" name="morefiltersiconvisibility" time="0.022"/>
  <system-out/>
  <testcase classname="Zomato.ZomatoTest1" name="morefiltersiconclickability" time="0.015"/>
  <system-out/>
</testsuite> <!-- Zomato.ZomatoTest1 -->
