<?xml version="1.0" encoding="UTF-8"?>
<!-- Generated by org.testng.reporters.JUnitReportReporter -->
<testsuite hostname="BINTERNS-QA50L" failures="0" tests="21" name="Zomato.ZomatoTest2" time="183.563" errors="0" timestamp="2023-05-15T18:29:39 IST" skipped="0">
  <testcase classname="Zomato.ZomatoTest2" name="searchlocationfunctionality1" time="4.360"/>
  <system-out/>
  <testcase classname="Zomato.ZomatoTest2" name="signupfunctionality" time="19.928"/>
  <system-out/>
  <testcase classname="Zomato.ZomatoTest2" name="signupfunctionality2" time="11.146"/>
  <system-out/>
  <testcase classname="Zomato.ZomatoTest2" name="signupfunctionality3" time="8.080"/>
  <system-out/>
  <testcase classname="Zomato.ZomatoTest2" name="signupfunctionality4" time="9.223"/>
  <system-out/>
  <testcase classname="Zomato.ZomatoTest2" name="signupfunctionality5" time="9.656"/>
  <system-out/>
  <testcase classname="Zomato.ZomatoTest2" name="signupfunctionality6" time="4.796"/>
  <system-out/>
  <testcase classname="Zomato.ZomatoTest2" name="loginfunctionality1" time="21.824"/>
  <system-out/>
  <testcase classname="Zomato.ZomatoTest2" name="loginfunctionality2" time="17.848"/>
  <system-out/>
  <testcase classname="Zomato.ZomatoTest2" name="loginfunctionality3" time="15.559"/>
  <system-out/>
  <testcase classname="Zomato.ZomatoTest2" name="loginfunctionality4" time="6.840"/>
  <system-out/>
  <testcase classname="Zomato.ZomatoTest2" name="loginfunctionality5" time="15.205"/>
  <system-out/>
  <testcase classname="Zomato.ZomatoTest2" name="loginfunctionality6" time="10.647"/>
  <system-out/>
  <testcase classname="Zomato.ZomatoTest2" name="signupui1" time="7.065"/>
  <system-out/>
  <testcase classname="Zomato.ZomatoTest2" name="signupui2" time="3.044"/>
  <system-out/>
  <testcase classname="Zomato.ZomatoTest2" name="signupui3" time="3.063"/>
  <system-out/>
  <testcase classname="Zomato.ZomatoTest2" name="signupui4" time="3.044"/>
  <system-out/>
  <testcase classname="Zomato.ZomatoTest2" name="signupui5" time="3.064"/>
  <system-out/>
  <testcase classname="Zomato.ZomatoTest2" name="signupui6" time="3.056"/>
  <system-out/>
  <testcase classname="Zomato.ZomatoTest2" name="signupui7" time="3.062"/>
  <system-out/>
  <testcase classname="Zomato.ZomatoTest2" name="signupui8" time="3.053"/>
  <system-out/>
</testsuite> <!-- Zomato.ZomatoTest2 -->
